<?xml version="1.0" encoding="UTF-8"?>
<!-- Generated by org.testng.reporters.JUnitReportReporter -->
<testsuite skipped="0" hostname="Milan" name="test.CheckTitleTest" tests="1" failures="0" timestamp="02 апр 2020 13:36:40 GMT" time="7.093" errors="0">
  <testcase name="testRunner" time="7.093" classname="test.CheckTitleTest"/>
</testsuite> <!-- test.CheckTitleTest -->
