<?xml version="1.0" encoding="UTF-8"?>
<!-- Generated by org.testng.reporters.JUnitReportReporter -->
<testsuite skipped="0" hostname="Milan" name="test.AnnotationTestNG" tests="2" failures="0" timestamp="31 мар 2020 07:45:05 GMT" time="0.004" errors="0">
  <testcase name="testCase2" time="0.001" classname="test.AnnotationTestNG"/>
  <testcase name="testCase1" time="0.003" classname="test.AnnotationTestNG"/>
</testsuite> <!-- test.AnnotationTestNG -->
