<?xml version="1.0" encoding="UTF-8"?>
<!-- Generated by org.testng.reporters.JUnitReportReporter -->
<testsuite skipped="0" hostname="Milan" name="test.TestNGTest1" tests="1" failures="0" timestamp="27 мар 2020 10:42:11 GMT" time="0.017" errors="0">
  <testcase name="test" time="0.017" classname="test.TestNGTest1"/>
</testsuite> <!-- test.TestNGTest1 -->
