<?xml version="1.0" encoding="UTF-8"?>
<!-- Generated by org.testng.reporters.JUnitReportReporter -->
<testsuite skipped="0" hostname="Milan" name="test.FirstSelenium" tests="1" failures="0" timestamp="27 мар 2020 11:44:13 GMT" time="9.277" errors="0">
  <testcase name="loadPageTest" time="9.277" classname="test.FirstSelenium"/>
</testsuite> <!-- test.FirstSelenium -->
