<?xml version="1.0" encoding="UTF-8"?>
<!-- Generated by org.testng.reporters.JUnitReportReporter -->
<testsuite skipped="0" hostname="Milan" name="test.FirstSelenium" tests="1" failures="0" timestamp="31 мар 2020 08:10:20 GMT" time="8.618" errors="0">
  <testcase name="loadPageTest" time="8.618" classname="test.FirstSelenium"/>
</testsuite> <!-- test.FirstSelenium -->
