<?xml version="1.0" encoding="UTF-8"?>
<!-- Generated by org.testng.reporters.JUnitReportReporter -->
<testsuite skipped="0" hostname="Milan" name="test.FirstSeleniumTest" tests="1" failures="0" timestamp="03 апр 2020 07:52:06 GMT" time="10.744" errors="0">
  <testcase name="testRunner" time="10.744" classname="test.FirstSeleniumTest"/>
</testsuite> <!-- test.FirstSeleniumTest -->
