<?xml version="1.0" encoding="UTF-8"?>
<!-- Generated by org.testng.reporters.JUnitReportReporter -->
<testsuite skipped="0" hostname="Milan" name="test.FirstSeleniumTest" tests="1" failures="0" timestamp="02 апр 2020 13:32:51 GMT" time="8.393" errors="0">
  <testcase name="testRunner" time="8.393" classname="test.FirstSeleniumTest"/>
</testsuite> <!-- test.FirstSeleniumTest -->
