<?xml version="1.0" encoding="UTF-8"?>
<!-- Generated by org.testng.reporters.JUnitReportReporter -->
<testsuite skipped="0" hostname="Milan" name="test.FirstSelenium" tests="1" failures="0" timestamp="31 мар 2020 15:09:52 GMT" time="12.176" errors="0">
  <testcase name="setupTest" time="12.176" classname="test.FirstSelenium"/>
</testsuite> <!-- test.FirstSelenium -->
